This is pdfTeX, Version 3.14159265-2.6-1.40.17 (TeX Live 2016) (preloaded format=pdflatex 2016.5.22)  28 NOV 2018 18:25
entering extended mode
 restricted \write18 enabled.
 %&-line parsing enabled.
**StandaloneAnalysisTutorial.tex
(./StandaloneAnalysisTutorial.tex
LaTeX2e <2016/03/31>
Babel <3.9r> and hyphenation patterns for 83 language(s) loaded.
(/usr/local/texlive/2016/texmf-dist/tex/latex/base/article.cls
Document Class: article 2014/09/29 v1.4h Standard LaTeX document class
(/usr/local/texlive/2016/texmf-dist/tex/latex/base/size12.clo
File: size12.clo 2014/09/29 v1.4h Standard LaTeX file (size option)
)
\c@part=\count79
\c@section=\count80
\c@subsection=\count81
\c@subsubsection=\count82
\c@paragraph=\count83
\c@subparagraph=\count84
\c@figure=\count85
\c@table=\count86
\abovecaptionskip=\skip41
\belowcaptionskip=\skip42
\bibindent=\dimen102
)
(/usr/local/texlive/2016/texmf-dist/tex/latex/amsmath/amsmath.sty
Package: amsmath 2016/03/10 v2.15b AMS math features
\@mathmargin=\skip43

For additional information on amsmath, use the `?' option.
(/usr/local/texlive/2016/texmf-dist/tex/latex/amsmath/amstext.sty
Package: amstext 2000/06/29 v2.01 AMS text

(/usr/local/texlive/2016/texmf-dist/tex/latex/amsmath/amsgen.sty
File: amsgen.sty 1999/11/30 v2.0 generic functions
\@emptytoks=\toks14
\ex@=\dimen103
))
(/usr/local/texlive/2016/texmf-dist/tex/latex/amsmath/amsbsy.sty
Package: amsbsy 1999/11/29 v1.2d Bold Symbols
\pmbraise@=\dimen104
)
(/usr/local/texlive/2016/texmf-dist/tex/latex/amsmath/amsopn.sty
Package: amsopn 2016/03/08 v2.02 operator names
)
\inf@bad=\count87
LaTeX Info: Redefining \frac on input line 199.
\uproot@=\count88
\leftroot@=\count89
LaTeX Info: Redefining \overline on input line 297.
\classnum@=\count90
\DOTSCASE@=\count91
LaTeX Info: Redefining \ldots on input line 394.
LaTeX Info: Redefining \dots on input line 397.
LaTeX Info: Redefining \cdots on input line 518.
\Mathstrutbox@=\box26
\strutbox@=\box27
\big@size=\dimen105
LaTeX Font Info:    Redeclaring font encoding OML on input line 634.
LaTeX Font Info:    Redeclaring font encoding OMS on input line 635.
\macc@depth=\count92
\c@MaxMatrixCols=\count93
\dotsspace@=\muskip10
\c@parentequation=\count94
\dspbrk@lvl=\count95
\tag@help=\toks15
\row@=\count96
\column@=\count97
\maxfields@=\count98
\andhelp@=\toks16
\eqnshift@=\dimen106
\alignsep@=\dimen107
\tagshift@=\dimen108
\tagwidth@=\dimen109
\totwidth@=\dimen110
\lineht@=\dimen111
\@envbody=\toks17
\multlinegap=\skip44
\multlinetaggap=\skip45
\mathdisplay@stack=\toks18
LaTeX Info: Redefining \[ on input line 2739.
LaTeX Info: Redefining \] on input line 2740.
)
(/usr/local/texlive/2016/texmf-dist/tex/latex/graphics/graphicx.sty
Package: graphicx 2014/10/28 v1.0g Enhanced LaTeX Graphics (DPC,SPQR)

(/usr/local/texlive/2016/texmf-dist/tex/latex/graphics/keyval.sty
Package: keyval 2014/10/28 v1.15 key=value parser (DPC)
\KV@toks@=\toks19
)
(/usr/local/texlive/2016/texmf-dist/tex/latex/graphics/graphics.sty
Package: graphics 2016/05/09 v1.0r Standard LaTeX Graphics (DPC,SPQR)

(/usr/local/texlive/2016/texmf-dist/tex/latex/graphics/trig.sty
Package: trig 2016/01/03 v1.10 sin cos tan (DPC)
)
(/usr/local/texlive/2016/texmf-dist/tex/latex/graphics-cfg/graphics.cfg
File: graphics.cfg 2016/01/02 v1.10 sample graphics configuration
)
Package graphics Info: Driver file: pdftex.def on input line 96.

(/usr/local/texlive/2016/texmf-dist/tex/latex/pdftex-def/pdftex.def
File: pdftex.def 2011/05/27 v0.06d Graphics/color for pdfTeX

(/usr/local/texlive/2016/texmf-dist/tex/generic/oberdiek/infwarerr.sty
Package: infwarerr 2016/05/16 v1.4 Providing info/warning/error messages (HO)
)
(/usr/local/texlive/2016/texmf-dist/tex/generic/oberdiek/ltxcmds.sty
Package: ltxcmds 2016/05/16 v1.23 LaTeX kernel commands for general use (HO)
)
\Gread@gobject=\count99
))
\Gin@req@height=\dimen112
\Gin@req@width=\dimen113
)
(/usr/local/texlive/2016/texmf-dist/tex/latex/tools/verbatim.sty
Package: verbatim 2014/10/28 v1.5q LaTeX2e package for verbatim enhancements
\every@verbatim=\toks20
\verbatim@line=\toks21
\verbatim@in@stream=\read1
)
(/usr/local/texlive/2016/texmf-dist/tex/latex/graphics/color.sty
Package: color 2016/05/09 v1.1c Standard LaTeX Color (DPC)

(/usr/local/texlive/2016/texmf-dist/tex/latex/graphics-cfg/color.cfg
File: color.cfg 2016/01/02 v1.6 sample color configuration
)
Package color Info: Driver file: pdftex.def on input line 144.
)
(/usr/local/texlive/2016/texmf-dist/tex/latex/subfigure/subfigure.sty
Package: subfigure 2002/03/15 v2.1.5 subfigure package
\subfigtopskip=\skip46
\subfigcapskip=\skip47
\subfigcaptopadj=\dimen114
\subfigbottomskip=\skip48
\subfigcapmargin=\dimen115
\subfiglabelskip=\skip49
\c@subfigure=\count100
\c@lofdepth=\count101
\c@subtable=\count102
\c@lotdepth=\count103

****************************************
* Local config file subfigure.cfg used *
****************************************
(/usr/local/texlive/2016/texmf-dist/tex/latex/subfigure/subfigure.cfg)
\subfig@top=\skip50
\subfig@bottom=\skip51
)
(/usr/local/texlive/2016/texmf-dist/tex/latex/hyperref/hyperref.sty
Package: hyperref 2016/05/05 v6.83n Hypertext links for LaTeX

(/usr/local/texlive/2016/texmf-dist/tex/generic/oberdiek/hobsub-hyperref.sty
Package: hobsub-hyperref 2016/05/16 v1.14 Bundle oberdiek, subset hyperref (HO)


(/usr/local/texlive/2016/texmf-dist/tex/generic/oberdiek/hobsub-generic.sty
Package: hobsub-generic 2016/05/16 v1.14 Bundle oberdiek, subset generic (HO)
Package: hobsub 2016/05/16 v1.14 Construct package bundles (HO)
Package hobsub Info: Skipping package `infwarerr' (already loaded).
Package hobsub Info: Skipping package `ltxcmds' (already loaded).
Package: ifluatex 2016/05/16 v1.4 Provides the ifluatex switch (HO)
Package ifluatex Info: LuaTeX not detected.
Package: ifvtex 2016/05/16 v1.6 Detect VTeX and its facilities (HO)
Package ifvtex Info: VTeX not detected.
Package: intcalc 2016/05/16 v1.2 Expandable calculations with integers (HO)
Package: ifpdf 2016/05/14 v3.1 Provides the ifpdf switch
Package: etexcmds 2016/05/16 v1.6 Avoid name clashes with e-TeX commands (HO)
Package etexcmds Info: Could not find \expanded.
(etexcmds)             That can mean that you are not using pdfTeX 1.50 or
(etexcmds)             that some package has redefined \expanded.
(etexcmds)             In the latter case, load this package earlier.
Package: kvsetkeys 2016/05/16 v1.17 Key value parser (HO)
Package: kvdefinekeys 2016/05/16 v1.4 Define keys (HO)
Package: pdftexcmds 2016/05/10 v0.21 Utility functions of pdfTeX for LuaTeX (HO
)
Package pdftexcmds Info: LuaTeX not detected.
Package pdftexcmds Info: \pdf@primitive is available.
Package pdftexcmds Info: \pdf@ifprimitive is available.
Package pdftexcmds Info: \pdfdraftmode found.
Package: pdfescape 2016/05/16 v1.14 Implements pdfTeX's escape features (HO)
Package: bigintcalc 2016/05/16 v1.4 Expandable calculations on big integers (HO
)
Package: bitset 2016/05/16 v1.2 Handle bit-vector datatype (HO)
Package: uniquecounter 2016/05/16 v1.3 Provide unlimited unique counter (HO)
)
Package hobsub Info: Skipping package `hobsub' (already loaded).
Package: letltxmacro 2016/05/16 v1.5 Let assignment for LaTeX macros (HO)
Package: hopatch 2016/05/16 v1.3 Wrapper for package hooks (HO)
Package: xcolor-patch 2016/05/16 xcolor patch
Package: atveryend 2016/05/16 v1.9 Hooks at the very end of document (HO)
Package atveryend Info: \enddocument detected (standard20110627).
Package: atbegshi 2016/05/16 v1.17 At begin shipout hook (HO)
Package: refcount 2016/05/16 v3.5 Data extraction from label references (HO)
Package: hycolor 2016/05/16 v1.8 Color options for hyperref/bookmark (HO)
)
(/usr/local/texlive/2016/texmf-dist/tex/generic/ifxetex/ifxetex.sty
Package: ifxetex 2010/09/12 v0.6 Provides ifxetex conditional
)
(/usr/local/texlive/2016/texmf-dist/tex/latex/oberdiek/auxhook.sty
Package: auxhook 2016/05/16 v1.4 Hooks for auxiliary files (HO)
)
(/usr/local/texlive/2016/texmf-dist/tex/latex/oberdiek/kvoptions.sty
Package: kvoptions 2016/05/16 v3.12 Key value format for package options (HO)
)
\@linkdim=\dimen116
\Hy@linkcounter=\count104
\Hy@pagecounter=\count105

(/usr/local/texlive/2016/texmf-dist/tex/latex/hyperref/pd1enc.def
File: pd1enc.def 2016/05/05 v6.83n Hyperref: PDFDocEncoding definition (HO)
)
\Hy@SavedSpaceFactor=\count106

(/usr/local/texlive/2016/texmf-dist/tex/latex/latexconfig/hyperref.cfg
File: hyperref.cfg 2002/06/06 v1.2 hyperref configuration of TeXLive
)
Package hyperref Info: Hyper figures OFF on input line 4446.
Package hyperref Info: Link nesting OFF on input line 4451.
Package hyperref Info: Hyper index ON on input line 4454.
Package hyperref Info: Plain pages OFF on input line 4461.
Package hyperref Info: Backreferencing OFF on input line 4466.
Package hyperref Info: Implicit mode ON; LaTeX internals redefined.
Package hyperref Info: Bookmarks ON on input line 4691.
\c@Hy@tempcnt=\count107

(/usr/local/texlive/2016/texmf-dist/tex/latex/url/url.sty
\Urlmuskip=\muskip11
Package: url 2013/09/16  ver 3.4  Verb mode for urls, etc.
)
LaTeX Info: Redefining \url on input line 5044.
\XeTeXLinkMargin=\dimen117
\Fld@menulength=\count108
\Field@Width=\dimen118
\Fld@charsize=\dimen119
Package hyperref Info: Hyper figures OFF on input line 6298.
Package hyperref Info: Link nesting OFF on input line 6303.
Package hyperref Info: Hyper index ON on input line 6306.
Package hyperref Info: backreferencing OFF on input line 6313.
Package hyperref Info: Link coloring OFF on input line 6318.
Package hyperref Info: Link coloring with OCG OFF on input line 6323.
Package hyperref Info: PDF/A mode OFF on input line 6328.
LaTeX Info: Redefining \ref on input line 6368.
LaTeX Info: Redefining \pageref on input line 6372.
\Hy@abspage=\count109
\c@Item=\count110
\c@Hfootnote=\count111
)

Package hyperref Message: Driver (autodetected): hpdftex.

(/usr/local/texlive/2016/texmf-dist/tex/latex/hyperref/hpdftex.def
File: hpdftex.def 2016/05/05 v6.83n Hyperref driver for pdfTeX
\Fld@listcount=\count112
\c@bookmark@seq@number=\count113

(/usr/local/texlive/2016/texmf-dist/tex/latex/oberdiek/rerunfilecheck.sty
Package: rerunfilecheck 2016/05/16 v1.8 Rerun checks for auxiliary files (HO)
Package uniquecounter Info: New unique counter `rerunfilecheck' on input line 2
82.
)
\Hy@SectionHShift=\skip52
)
(/usr/local/texlive/2016/texmf-dist/tex/latex/geometry/geometry.sty
Package: geometry 2010/09/12 v5.6 Page Geometry
\Gm@cnth=\count114
\Gm@cntv=\count115
\c@Gm@tempcnt=\count116
\Gm@bindingoffset=\dimen120
\Gm@wd@mp=\dimen121
\Gm@odd@mp=\dimen122
\Gm@even@mp=\dimen123
\Gm@layoutwidth=\dimen124
\Gm@layoutheight=\dimen125
\Gm@layouthoffset=\dimen126
\Gm@layoutvoffset=\dimen127
\Gm@dimlist=\toks22
)
(./draftmode.sty
(/usr/local/texlive/2016/texmf-dist/tex/latex/lineno/lineno.sty
Package: lineno 2005/11/02 line numbers on paragraphs v4.41
\linenopenalty=\count117
\output=\toks23
\linenoprevgraf=\count118
\linenumbersep=\dimen128
\linenumberwidth=\dimen129
\c@linenumber=\count119
\c@pagewiselinenumber=\count120
\c@LN@truepage=\count121
\c@internallinenumber=\count122
\c@internallinenumbers=\count123
\quotelinenumbersep=\dimen130
\bframerule=\dimen131
\bframesep=\dimen132
\bframebox=\box28
LaTeX Info: Redefining \\ on input line 3056.
)
(./tdsdraft.sty
Package: tdsdraft 2005/01/20
)
(/usr/local/texlive/2016/texmf-dist/tex/latex/fancyhdr/fancyhdr.sty
\fancy@headwidth=\skip53
\f@ncyO@elh=\skip54
\f@ncyO@erh=\skip55
\f@ncyO@olh=\skip56
\f@ncyO@orh=\skip57
\f@ncyO@elf=\skip58
\f@ncyO@erf=\skip59
\f@ncyO@olf=\skip60
\f@ncyO@orf=\skip61
))
(./StandaloneAnalysisTutorial.aux)
\openout1 = `StandaloneAnalysisTutorial.aux'.

LaTeX Font Info:    Checking defaults for OML/cmm/m/it on input line 32.
LaTeX Font Info:    ... okay on input line 32.
LaTeX Font Info:    Checking defaults for T1/cmr/m/n on input line 32.
LaTeX Font Info:    ... okay on input line 32.
LaTeX Font Info:    Checking defaults for OT1/cmr/m/n on input line 32.
LaTeX Font Info:    ... okay on input line 32.
LaTeX Font Info:    Checking defaults for OMS/cmsy/m/n on input line 32.
LaTeX Font Info:    ... okay on input line 32.
LaTeX Font Info:    Checking defaults for OMX/cmex/m/n on input line 32.
LaTeX Font Info:    ... okay on input line 32.
LaTeX Font Info:    Checking defaults for U/cmr/m/n on input line 32.
LaTeX Font Info:    ... okay on input line 32.
LaTeX Font Info:    Checking defaults for PD1/pdf/m/n on input line 32.
LaTeX Font Info:    ... okay on input line 32.

(/usr/local/texlive/2016/texmf-dist/tex/context/base/mkii/supp-pdf.mkii
[Loading MPS to PDF converter (version 2006.09.02).]
\scratchcounter=\count124
\scratchdimen=\dimen133
\scratchbox=\box29
\nofMPsegments=\count125
\nofMParguments=\count126
\everyMPshowfont=\toks24
\MPscratchCnt=\count127
\MPscratchDim=\dimen134
\MPnumerator=\count128
\makeMPintoPDFobject=\count129
\everyMPtoPDFconversion=\toks25
) (/usr/local/texlive/2016/texmf-dist/tex/latex/oberdiek/epstopdf-base.sty
Package: epstopdf-base 2016/05/15 v2.6 Base part for package epstopdf

(/usr/local/texlive/2016/texmf-dist/tex/latex/oberdiek/grfext.sty
Package: grfext 2016/05/16 v1.2 Manage graphics extensions (HO)
)
Package grfext Info: Graphics extension search list:
(grfext)             [.png,.pdf,.jpg,.mps,.jpeg,.jbig2,.jb2,.PNG,.PDF,.JPG,.JPE
G,.JBIG2,.JB2,.eps]
(grfext)             \AppendGraphicsExtensions on input line 456.

(/usr/local/texlive/2016/texmf-dist/tex/latex/latexconfig/epstopdf-sys.cfg
File: epstopdf-sys.cfg 2010/07/13 v1.3 Configuration of (r)epstopdf for TeX Liv
e
))
\AtBeginShipoutBox=\box30
Package hyperref Info: Link coloring OFF on input line 32.

(/usr/local/texlive/2016/texmf-dist/tex/latex/hyperref/nameref.sty
Package: nameref 2012/10/27 v2.43 Cross-referencing by name of section

(/usr/local/texlive/2016/texmf-dist/tex/generic/oberdiek/gettitlestring.sty
Package: gettitlestring 2016/05/16 v1.5 Cleanup title references (HO)
)
\c@section@level=\count130
)
LaTeX Info: Redefining \ref on input line 32.
LaTeX Info: Redefining \pageref on input line 32.
LaTeX Info: Redefining \nameref on input line 32.

(./StandaloneAnalysisTutorial.out) (./StandaloneAnalysisTutorial.out)
\@outlinefile=\write3
\openout3 = `StandaloneAnalysisTutorial.out'.


*geometry* driver: auto-detecting
*geometry* detected driver: pdftex
*geometry* verbose mode - [ preamble ] result:
* driver: pdftex
* paper: <default>
* layout: <same size as paper>
* layoutoffset:(h,v)=(0.0pt,0.0pt)
* modes: 
* h-part:(L,W,R)=(43.36243pt, 527.57014pt, 43.36243pt)
* v-part:(T,H,B)=(43.36243pt, 708.24513pt, 43.36243pt)
* \paperwidth=614.295pt
* \paperheight=794.96999pt
* \textwidth=426.79134pt
* \textheight=708.24513pt
* \oddsidemargin=14.22636pt
* \evensidemargin=14.22636pt
* \topmargin=-65.90756pt
* \headheight=12.0pt
* \headsep=25.0pt
* \topskip=12.0pt
* \footskip=30.0pt
* \marginparwidth=71.13188pt
* \marginparsep=21.33955pt
* \columnsep=10.0pt
* \skip\footins=10.8pt plus 4.0pt minus 2.0pt
* \hoffset=0.0pt
* \voffset=0.0pt
* \mag=1000
* \@twocolumnfalse
* \@twosidefalse
* \@mparswitchfalse
* \@reversemarginfalse
* (1in=72.27pt=25.4mm, 1cm=28.453pt)


Underfull \hbox (badness 10000) in paragraph at lines 43--45

 []


Underfull \hbox (badness 10000) in paragraph at lines 43--45

 []


LaTeX Warning: Citation `Wboson_1' on page 1 undefined on input line 52.


LaTeX Warning: Citation `Zboson_1' on page 1 undefined on input line 52.


LaTeX Warning: Citation `WZboson' on page 1 undefined on input line 52.


LaTeX Warning: Citation `WZboson_2' on page 1 undefined on input line 52.


LaTeX Warning: Citation `confinement' on page 1 undefined on input line 52.


LaTeX Warning: Citation `jet_0' on page 1 undefined on input line 52.


LaTeX Warning: Citation `jet_1' on page 1 undefined on input line 52.


LaTeX Warning: Citation `jet_2' on page 1 undefined on input line 52.


LaTeX Warning: Citation `jet_3' on page 1 undefined on input line 52.


LaTeX Warning: Citation `jet_4' on page 1 undefined on input line 52.


LaTeX Warning: Citation `jet_5' on page 1 undefined on input line 52.


LaTeX Warning: Citation `jetss_1' on page 1 undefined on input line 52.


LaTeX Warning: Citation `jetss_2' on page 1 undefined on input line 52.


LaTeX Warning: Citation `jetss_3' on page 1 undefined on input line 52.


LaTeX Warning: Citation `jetss_4' on page 1 undefined on input line 52.

\tdd@hour=\count131
\tdd@minute=\count132

Package Fancyhdr Warning: \headheight is too small (12.0pt): 
 Make it at least 15.98337pt.
 We now make it that large for the rest of the document.
 This may cause the page layout to be inconsistent, however.

[1{/usr/local/texlive/2016/texmf-var/fonts/map/pdftex/updmap/pdftex.map}

]
LaTeX Font Info:    Try loading font information for OMS+cmr on input line 54.

(/usr/local/texlive/2016/texmf-dist/tex/latex/base/omscmr.fd
File: omscmr.fd 2014/09/29 v2.5h Standard LaTeX font definitions
)
LaTeX Font Info:    Font shape `OMS/cmr/m/n' in size <12> not available
(Font)              Font shape `OMS/cmsy/m/n' tried instead on input line 54.


LaTeX Warning: Citation `detector' on page 2 undefined on input line 54.


LaTeX Warning: Citation `jetss_4' on page 2 undefined on input line 60.

\tdd@hour=\count133
\tdd@minute=\count134
[2]

LaTeX Warning: Citation `madgraph' on page 3 undefined on input line 83.

<scatter.pdf, id=105, 730.73pt x 352.31625pt>
File: scatter.pdf Graphic file (type pdf)
 <use scatter.pdf>
Package pdftex.def Info: scatter.pdf used on input line 87.
(pdftex.def)             Requested size: 384.10959pt x 185.19458pt.


LaTeX Warning: Citation `pythia' on page 3 undefined on input line 92.


LaTeX Warning: Citation `leshouches' on page 3 undefined on input line 92.

\tdd@hour=\count135
\tdd@minute=\count136
[3] <STDHEPexamples.pdf, id=113, 996.72375pt x 397.485pt>
File: STDHEPexamples.pdf Graphic file (type pdf)

<use STDHEPexamples.pdf>
Package pdftex.def Info: STDHEPexamples.pdf used on input line 165.
(pdftex.def)             Requested size: 384.10959pt x 153.17473pt.

Overfull \hbox (0.93597pt too wide) in paragraph at lines 95--171
\OT1/cmr/m/n/12 in-stall it your-self. To do so, go to the Mad-Graph site []\OT
1/cmr/m/it/12 http://madgraph.hep.uiuc.edu/[]\OT1/cmr/m/n/12 ,
 []


Underfull \hbox (badness 10000) in paragraph at lines 95--171

 []


Underfull \hbox (badness 10000) in paragraph at lines 95--171

 []


Underfull \hbox (badness 10000) in paragraph at lines 95--171

 []


Underfull \hbox (badness 10000) in paragraph at lines 95--171

 []


Underfull \hbox (badness 10000) in paragraph at lines 95--171

 []


Underfull \hbox (badness 10000) in paragraph at lines 95--171

 []


Underfull \hbox (badness 10000) in paragraph at lines 95--171

 []


Overfull \hbox (6.44687pt too wide) in paragraph at lines 95--171
\OT1/cmtt/m/n/12 prompt-MadGraph/Zjets/Cards> cp pythia[]card[]default.dat pyth
ia[]card.dat 
 []


Underfull \hbox (badness 10000) in paragraph at lines 95--171

 []


Underfull \hbox (badness 10000) in paragraph at lines 95--171

 []


Overfull \hbox (6.44687pt too wide) in paragraph at lines 95--171
\OT1/cmtt/m/n/12 prompt-MadGraph/Zjets/Cards> cp delphes[]card[]ATLAS.dat delph
es[]card.dat 
 []


Overfull \hbox (43.49689pt too wide) in paragraph at lines 95--171
\OT1/cmtt/m/n/12 prompt-MadGraph/Zjets/Cards> cp delphes[]trigger[]ATLAS.dat de
lphes[]trigger.dat 
 []


Underfull \hbox (badness 10000) in paragraph at lines 95--171

 []


Underfull \hbox (badness 10000) in paragraph at lines 95--171

 []


Underfull \hbox (badness 10000) in paragraph at lines 95--171

 []


Underfull \hbox (badness 10000) in paragraph at lines 95--171

 []


Underfull \hbox (badness 10000) in paragraph at lines 95--171

 []


Underfull \hbox (badness 10000) in paragraph at lines 95--171

 []


Underfull \hbox (badness 10000) in paragraph at lines 95--171

 []


Underfull \hbox (badness 10000) in paragraph at lines 95--171

 []


Overfull \hbox (14.35088pt too wide) in paragraph at lines 95--171
\OT1/cmtt/m/n/12 prompt-MadGraph/Zjets> ./bin/generate[]events 0 Zplus0123jets[
]10000events 
 []


Underfull \hbox (badness 10000) in paragraph at lines 95--171

 []


Underfull \hbox (badness 10000) in paragraph at lines 95--171

 []


Underfull \hbox (badness 10000) in paragraph at lines 95--171

 []

\tdd@hour=\count137
\tdd@minute=\count138
[4 <./scatter.pdf>]
\tdd@hour=\count139
\tdd@minute=\count140
 [5]
Underfull \hbox (badness 10000) in paragraph at lines 173--178

 []


Underfull \hbox (badness 10000) in paragraph at lines 173--178

 []

\tdd@hour=\count141
\tdd@minute=\count142
[6]
Underfull \hbox (badness 10000) in paragraph at lines 180--182

 []

\tdd@hour=\count143
\tdd@minute=\count144
[7 <./STDHEPexamples.pdf>]
Overfull \hbox (25.07962pt too wide) in paragraph at lines 183--184
\OT1/cmr/m/n/12 After hav-ing set up Fast-Jet suc-cess-fully, go to the site []
\OT1/cmr/m/it/12 http://hep.uchicago.edu/$\OMS/cmsy/m/n/12 ^^X$\OT1/cmr/m/it/12
 meehan/[]
 []


Overfull \hbox (24.7651pt too wide) in paragraph at lines 186--187
\OT1/cmr/m/n/12 for-ma-tion about the vari-ables in the TTree pro-duced from \O
T1/cmtt/m/n/12 ExRootSTDHEPConverter
 []


Underfull \hbox (badness 10000) in paragraph at lines 192--204

 []


Underfull \hbox (badness 10000) in paragraph at lines 192--204

 []


Underfull \hbox (badness 10000) in paragraph at lines 192--204

 []


Underfull \hbox (badness 10000) in paragraph at lines 192--204

 []


Underfull \hbox (badness 10000) in paragraph at lines 192--204

 []


Underfull \hbox (badness 10000) in paragraph at lines 192--204

 []


Underfull \hbox (badness 10000) in paragraph at lines 192--204

 []

\tdd@hour=\count145
\tdd@minute=\count146
[8]
Underfull \hbox (badness 7186) in paragraph at lines 214--214
[][][]\OT1/cmr/m/n/10 The steps pre-sented here are adapted from the tu-to-rial
 []\OT1/cmr/m/it/10 https://wiki.physik.uni-
 []

\tdd@hour=\count147
\tdd@minute=\count148
[9]
Overfull \hbox (43.76369pt too wide) in paragraph at lines 221--222
\OT1/cmr/m/n/12 on your ma-chine. This is de-scribed on \OT1/cmr/m/it/12 http:/
/root.cern.ch/drupal/content/downloading-
 []


Underfull \hbox (badness 10000) in paragraph at lines 227--239

 []


Underfull \hbox (badness 10000) in paragraph at lines 227--239

 []


Overfull \hbox (48.43648pt too wide) in paragraph at lines 227--239
\OT1/cmtt/m/n/12 Info in $\OML/cmm/m/it/12 <$\OT1/cmtt/m/n/12 TTreePlayer::Make
Class$\OML/cmm/m/it/12 >$\OT1/cmtt/m/n/12 : Files: Physics.h and Physics.C gene
rated
 []


Underfull \hbox (badness 10000) in paragraph at lines 227--239

 []

\tdd@hour=\count149
\tdd@minute=\count150
[10]
LaTeX Font Info:    Try loading font information for OMS+cmtt on input line 275
.
LaTeX Font Info:    No file OMScmtt.fd. on input line 275.


LaTeX Font Warning: Font shape `OMS/cmtt/m/n' undefined
(Font)              using `OMS/cmsy/m/n' instead
(Font)              for symbol `textbraceleft' on input line 275.


Underfull \hbox (badness 10000) in paragraph at lines 241--298

 []


Underfull \hbox (badness 10000) in paragraph at lines 241--298

 []


Underfull \hbox (badness 10000) in paragraph at lines 241--298

 []


Underfull \hbox (badness 10000) in paragraph at lines 241--298

 []


Underfull \hbox (badness 10000) in paragraph at lines 241--298

 []


Overfull \hbox (23.49934pt too wide) in paragraph at lines 241--298
| \OT1/cmtt/m/n/12 TFileCollection* fc = new TFileCollection("mylist", "mylist"
,inputFile); 
 []


Underfull \hbox (badness 10000) in paragraph at lines 241--298

 []


Underfull \hbox (badness 10000) in paragraph at lines 241--298

 []


Underfull \hbox (badness 10000) in paragraph at lines 241--298

 []


Underfull \hbox (badness 10000) in paragraph at lines 241--298

 []

\tdd@hour=\count151
\tdd@minute=\count152
[11]
\tdd@hour=\count153
\tdd@minute=\count154
 [12]
Underfull \hbox (badness 10000) in paragraph at lines 300--346

 []


Overfull \hbox (16.8398pt too wide) in paragraph at lines 300--346
| \OT1/cmtt/m/n/12 Physics a("input.txt"); //instance "a" of Physics with input
.txt files 
 []


Underfull \hbox (badness 10000) in paragraph at lines 300--346

 []


Underfull \hbox (badness 10000) in paragraph at lines 300--346

 []


Underfull \hbox (badness 10000) in paragraph at lines 300--346

 []

\tdd@hour=\count155
\tdd@minute=\count156
[13]
Underfull \hbox (badness 10000) in paragraph at lines 348--372

 []


Underfull \hbox (badness 10000) in paragraph at lines 348--372

 []


Underfull \hbox (badness 10000) in paragraph at lines 348--372

 []

\tdd@hour=\count157
\tdd@minute=\count158
[14]
Underfull \hbox (badness 10000) in paragraph at lines 374--387

 []


Underfull \hbox (badness 10000) in paragraph at lines 374--387

 []


Underfull \hbox (badness 10000) in paragraph at lines 374--387

 []


Underfull \hbox (badness 10000) in paragraph at lines 374--387

 []


Underfull \hbox (badness 10000) in paragraph at lines 374--387

 []


Underfull \hbox (badness 10000) in paragraph at lines 374--387

 []

\tdd@hour=\count159
\tdd@minute=\count160
[15]
No file StandaloneAnalysisTutorial.bbl.
Package atveryend Info: Empty hook `BeforeClearDocument' on input line 407.
\tdd@hour=\count161
\tdd@minute=\count162
[16]
Package atveryend Info: Empty hook `AfterLastShipout' on input line 407.
 (./StandaloneAnalysisTutorial.aux)
Package atveryend Info: Executing hook `AtVeryEndDocument' on input line 407.
Package atveryend Info: Executing hook `AtEndAfterFileList' on input line 407.
Package rerunfilecheck Info: File `StandaloneAnalysisTutorial.out' has not chan
ged.
(rerunfilecheck)             Checksum: EF52B6B944F8C754F3D75D5795D8F3A7;1176.


LaTeX Font Warning: Some font shapes were not available, defaults substituted.


LaTeX Warning: There were undefined references.

Package atveryend Info: Empty hook `AtVeryVeryEnd' on input line 407.
 ) 
Here is how much of TeX's memory you used:
 6776 strings out of 493014
 98553 string characters out of 6133351
 201811 words of memory out of 5000000
 10200 multiletter control sequences out of 15000+600000
 10485 words of font info for 38 fonts, out of 8000000 for 9000
 1141 hyphenation exceptions out of 8191
 30i,15n,45p,1817b,415s stack positions out of 5000i,500n,10000p,200000b,80000s
</usr/local/texlive/2016/texmf-dist/fonts/type1/public/amsfonts/cm/cmbx12.pfb
></usr/local/texlive/2016/texmf-dist/fonts/type1/public/amsfonts/cm/cmcsc10.pfb
></usr/local/texlive/2016/texmf-dist/fonts/type1/public/amsfonts/cm/cmmi12.pfb>
</usr/local/texlive/2016/texmf-dist/fonts/type1/public/amsfonts/cm/cmmi8.pfb></
usr/local/texlive/2016/texmf-dist/fonts/type1/public/amsfonts/cm/cmr10.pfb></us
r/local/texlive/2016/texmf-dist/fonts/type1/public/amsfonts/cm/cmr12.pfb></usr/
local/texlive/2016/texmf-dist/fonts/type1/public/amsfonts/cm/cmr7.pfb></usr/loc
al/texlive/2016/texmf-dist/fonts/type1/public/amsfonts/cm/cmr8.pfb></usr/local/
texlive/2016/texmf-dist/fonts/type1/public/amsfonts/cm/cmss8.pfb></usr/local/te
xlive/2016/texmf-dist/fonts/type1/public/amsfonts/cm/cmsy10.pfb></usr/local/tex
live/2016/texmf-dist/fonts/type1/public/amsfonts/cm/cmsy8.pfb></usr/local/texli
ve/2016/texmf-dist/fonts/type1/public/amsfonts/cm/cmti10.pfb></usr/local/texliv
e/2016/texmf-dist/fonts/type1/public/amsfonts/cm/cmti12.pfb></usr/local/texlive
/2016/texmf-dist/fonts/type1/public/amsfonts/cm/cmtt12.pfb>
Output written on StandaloneAnalysisTutorial.pdf (16 pages, 430656 bytes).
PDF statistics:
 269 PDF objects out of 1000 (max. 8388607)
 226 compressed objects within 3 object streams
 43 named destinations out of 1000 (max. 500000)
 147 words of extra memory for PDF output out of 10000 (max. 10000000)

